2025-08-09 09:08:29,591 - INFO - Scraping year 2023...
2025-08-09 09:08:29,591 - INFO - Setting up Chrome WebDriver...
2025-08-09 09:08:31,559 - INFO - ChromeDriver initialized successfully
2025-08-09 09:08:39,656 - INFO - Found weeks: ['Week 15', 'Week 14', 'Week 13', 'Week 12', 'Week 11', 'Week 10']
2025-08-09 09:08:39,656 - INFO - Selecting year: 2023, week: Week 15
2025-08-09 09:08:41,898 - ERROR - Error selecting 2023, Week 15: Message: Could not locate element with visible text: Week 15; For documentation on this error, please visit: https://www.selenium.dev/documentation/webdriver/troubleshooting/errors#no-such-element-exception

2025-08-09 09:08:41,898 - WARNING - Failed to select 2023, Week 15
2025-08-09 09:08:41,898 - INFO - Selecting year: 2023, week: Week 14
2025-08-09 09:08:46,992 - INFO - Successfully selected 2023, Week 14
2025-08-09 09:08:46,992 - INFO - Extracting rankings for 2023, Week 14...
2025-08-09 09:08:50,178 - INFO - Extracted 25 rankings for 2023, Week 14
2025-08-09 09:08:50,178 - INFO - Year 2023, Week 14: 25 rankings
2025-08-09 09:08:52,183 - INFO - Selecting year: 2023, week: Week 13
2025-08-09 09:08:57,289 - INFO - Successfully selected 2023, Week 13
2025-08-09 09:08:57,289 - INFO - Extracting rankings for 2023, Week 13...
2025-08-09 09:09:00,473 - INFO - Extracted 25 rankings for 2023, Week 13
2025-08-09 09:09:00,473 - INFO - Year 2023, Week 13: 25 rankings
2025-08-09 09:09:02,478 - INFO - Selecting year: 2023, week: Week 12
2025-08-09 09:09:07,596 - INFO - Successfully selected 2023, Week 12
2025-08-09 09:09:07,596 - INFO - Extracting rankings for 2023, Week 12...
2025-08-09 09:09:10,785 - INFO - Extracted 25 rankings for 2023, Week 12
2025-08-09 09:09:10,786 - INFO - Year 2023, Week 12: 25 rankings
2025-08-09 09:09:12,787 - INFO - Selecting year: 2023, week: Week 11
2025-08-09 09:09:17,895 - INFO - Successfully selected 2023, Week 11
2025-08-09 09:09:17,895 - INFO - Extracting rankings for 2023, Week 11...
2025-08-09 09:09:21,122 - INFO - Extracted 25 rankings for 2023, Week 11
2025-08-09 09:09:21,122 - INFO - Year 2023, Week 11: 25 rankings
2025-08-09 09:09:23,128 - INFO - Selecting year: 2023, week: Week 10
2025-08-09 09:09:28,241 - INFO - Successfully selected 2023, Week 10
2025-08-09 09:09:28,241 - INFO - Extracting rankings for 2023, Week 10...
2025-08-09 09:09:31,424 - INFO - Extracted 25 rankings for 2023, Week 10
2025-08-09 09:09:31,424 - INFO - Year 2023, Week 10: 25 rankings
2025-08-09 09:39:11,738 - INFO - Starting scrape from 2014 to 2025
2025-08-09 09:39:11,738 - INFO - Setting up Chrome WebDriver...
2025-08-09 09:39:13,210 - INFO - ChromeDriver initialized successfully
2025-08-09 09:39:20,649 - INFO - Found years: ['2024', '2023', '2022', '2021', '2020', '2019', '2018', '2017', '2016', '2015', '2014']
2025-08-09 09:39:20,649 - INFO - Will scrape years: ['2024', '2023', '2022', '2021', '2020', '2019', '2018', '2017', '2016', '2015', '2014']
2025-08-09 09:39:20,649 - INFO - Scraping year 2024...
2025-08-09 09:39:27,383 - INFO - Found weeks: ['Week 15', 'Week 14', 'Week 13', 'Week 12', 'Week 11', 'Week 10']
2025-08-09 09:39:27,383 - INFO - Selecting year: 2024, week: Week 15
2025-08-09 09:39:32,454 - INFO - Successfully selected 2024, Week 15
2025-08-09 09:39:32,454 - INFO - Extracting rankings for 2024, Week 15...
2025-08-09 09:39:35,648 - INFO - Extracted 25 rankings for 2024, Week 15
2025-08-09 09:39:35,648 - INFO - Year 2024, Week 15: 25 rankings
2025-08-09 09:39:37,653 - INFO - Selecting year: 2024, week: Week 14
2025-08-09 09:39:42,819 - INFO - Successfully selected 2024, Week 14
2025-08-09 09:39:42,820 - INFO - Extracting rankings for 2024, Week 14...
2025-08-09 09:39:46,022 - INFO - Extracted 25 rankings for 2024, Week 14
2025-08-09 09:39:46,022 - INFO - Year 2024, Week 14: 25 rankings
2025-08-09 09:39:48,027 - INFO - Selecting year: 2024, week: Week 13
2025-08-09 09:39:53,145 - INFO - Successfully selected 2024, Week 13
2025-08-09 09:39:53,146 - INFO - Extracting rankings for 2024, Week 13...
2025-08-09 09:39:56,333 - INFO - Extracted 25 rankings for 2024, Week 13
2025-08-09 09:39:56,333 - INFO - Year 2024, Week 13: 25 rankings
2025-08-09 09:39:58,337 - INFO - Selecting year: 2024, week: Week 12
2025-08-09 09:40:03,451 - INFO - Successfully selected 2024, Week 12
2025-08-09 09:40:03,452 - INFO - Extracting rankings for 2024, Week 12...
2025-08-09 09:40:06,688 - INFO - Extracted 25 rankings for 2024, Week 12
2025-08-09 09:40:06,688 - INFO - Year 2024, Week 12: 25 rankings
2025-08-09 09:40:08,693 - INFO - Selecting year: 2024, week: Week 11
2025-08-09 09:40:13,830 - INFO - Successfully selected 2024, Week 11
2025-08-09 09:40:13,830 - INFO - Extracting rankings for 2024, Week 11...
2025-08-09 09:40:17,013 - INFO - Extracted 25 rankings for 2024, Week 11
2025-08-09 09:40:17,013 - INFO - Year 2024, Week 11: 25 rankings
2025-08-09 09:40:19,014 - INFO - Selecting year: 2024, week: Week 10
2025-08-09 09:40:24,128 - INFO - Successfully selected 2024, Week 10
2025-08-09 09:40:24,128 - INFO - Extracting rankings for 2024, Week 10...
2025-08-09 09:40:27,298 - INFO - Extracted 25 rankings for 2024, Week 10
2025-08-09 09:40:27,298 - INFO - Year 2024, Week 10: 25 rankings
2025-08-09 09:40:29,303 - INFO - Year 2024 complete: 150 rankings
2025-08-09 09:40:34,303 - INFO - Scraping year 2023...
2025-08-09 09:40:40,973 - INFO - Found weeks: ['Week 15', 'Week 14', 'Week 13', 'Week 12', 'Week 11', 'Week 10']
2025-08-09 09:40:40,973 - INFO - Selecting year: 2023, week: Week 15
2025-08-09 09:40:43,166 - ERROR - Error selecting 2023, Week 15: Message: Could not locate element with visible text: Week 15; For documentation on this error, please visit: https://www.selenium.dev/documentation/webdriver/troubleshooting/errors#no-such-element-exception

2025-08-09 09:40:43,166 - WARNING - Failed to select 2023, Week 15
2025-08-09 09:40:43,166 - INFO - Selecting year: 2023, week: Week 14
2025-08-09 09:40:48,225 - INFO - Successfully selected 2023, Week 14
2025-08-09 09:40:48,225 - INFO - Extracting rankings for 2023, Week 14...
2025-08-09 09:40:51,406 - INFO - Extracted 25 rankings for 2023, Week 14
2025-08-09 09:40:51,406 - INFO - Year 2023, Week 14: 25 rankings
2025-08-09 09:40:53,411 - INFO - Selecting year: 2023, week: Week 13
2025-08-09 09:40:58,521 - INFO - Successfully selected 2023, Week 13
2025-08-09 09:40:58,521 - INFO - Extracting rankings for 2023, Week 13...
2025-08-09 09:41:01,705 - INFO - Extracted 25 rankings for 2023, Week 13
2025-08-09 09:41:01,705 - INFO - Year 2023, Week 13: 25 rankings
2025-08-09 09:41:03,710 - INFO - Selecting year: 2023, week: Week 12
2025-08-09 09:41:08,826 - INFO - Successfully selected 2023, Week 12
2025-08-09 09:41:08,826 - INFO - Extracting rankings for 2023, Week 12...
2025-08-09 09:41:12,069 - INFO - Extracted 25 rankings for 2023, Week 12
2025-08-09 09:41:12,070 - INFO - Year 2023, Week 12: 25 rankings
2025-08-09 09:41:14,070 - INFO - Selecting year: 2023, week: Week 11
2025-08-09 09:41:19,206 - INFO - Successfully selected 2023, Week 11
2025-08-09 09:41:19,206 - INFO - Extracting rankings for 2023, Week 11...
2025-08-09 09:41:22,387 - INFO - Extracted 25 rankings for 2023, Week 11
2025-08-09 09:41:22,387 - INFO - Year 2023, Week 11: 25 rankings
2025-08-09 09:41:24,391 - INFO - Selecting year: 2023, week: Week 10
2025-08-09 09:41:29,495 - INFO - Successfully selected 2023, Week 10
2025-08-09 09:41:29,495 - INFO - Extracting rankings for 2023, Week 10...
2025-08-09 09:41:32,671 - INFO - Extracted 25 rankings for 2023, Week 10
2025-08-09 09:41:32,671 - INFO - Year 2023, Week 10: 25 rankings
2025-08-09 09:41:34,676 - INFO - Year 2023 complete: 125 rankings
2025-08-09 09:41:39,681 - INFO - Scraping year 2022...
2025-08-09 09:41:46,510 - INFO - Found weeks: ['Week 15', 'Week 14', 'Week 13', 'Week 12', 'Week 11', 'Week 10']
2025-08-09 09:41:46,510 - INFO - Selecting year: 2022, week: Week 15
2025-08-09 09:41:48,696 - ERROR - Error selecting 2022, Week 15: Message: Could not locate element with visible text: Week 15; For documentation on this error, please visit: https://www.selenium.dev/documentation/webdriver/troubleshooting/errors#no-such-element-exception

2025-08-09 09:41:48,696 - WARNING - Failed to select 2022, Week 15
2025-08-09 09:41:48,696 - INFO - Selecting year: 2022, week: Week 14
2025-08-09 09:41:53,758 - INFO - Successfully selected 2022, Week 14
2025-08-09 09:41:53,758 - INFO - Extracting rankings for 2022, Week 14...
2025-08-09 09:41:56,937 - INFO - Extracted 25 rankings for 2022, Week 14
2025-08-09 09:41:56,937 - INFO - Year 2022, Week 14: 25 rankings
2025-08-09 09:41:58,942 - INFO - Selecting year: 2022, week: Week 13
2025-08-09 09:42:04,052 - INFO - Successfully selected 2022, Week 13
2025-08-09 09:42:04,052 - INFO - Extracting rankings for 2022, Week 13...
2025-08-09 09:42:07,290 - INFO - Extracted 25 rankings for 2022, Week 13
2025-08-09 09:42:07,290 - INFO - Year 2022, Week 13: 25 rankings
2025-08-09 09:42:09,291 - INFO - Selecting year: 2022, week: Week 12
2025-08-09 09:42:14,418 - INFO - Successfully selected 2022, Week 12
2025-08-09 09:42:14,419 - INFO - Extracting rankings for 2022, Week 12...
2025-08-09 09:42:17,607 - INFO - Extracted 25 rankings for 2022, Week 12
2025-08-09 09:42:17,607 - INFO - Year 2022, Week 12: 25 rankings
2025-08-09 09:42:19,613 - INFO - Selecting year: 2022, week: Week 11
2025-08-09 09:42:24,721 - INFO - Successfully selected 2022, Week 11
2025-08-09 09:42:24,721 - INFO - Extracting rankings for 2022, Week 11...
2025-08-09 09:42:27,905 - INFO - Extracted 25 rankings for 2022, Week 11
2025-08-09 09:42:27,905 - INFO - Year 2022, Week 11: 25 rankings
2025-08-09 09:42:29,910 - INFO - Selecting year: 2022, week: Week 10
2025-08-09 09:42:35,020 - INFO - Successfully selected 2022, Week 10
2025-08-09 09:42:35,020 - INFO - Extracting rankings for 2022, Week 10...
2025-08-09 09:42:38,204 - INFO - Extracted 25 rankings for 2022, Week 10
2025-08-09 09:42:38,204 - INFO - Year 2022, Week 10: 25 rankings
2025-08-09 09:42:40,209 - INFO - Year 2022 complete: 125 rankings
2025-08-09 09:42:45,212 - INFO - Scraping year 2021...
2025-08-09 09:42:51,548 - INFO - Found weeks: ['Week 15', 'Week 14', 'Week 13', 'Week 12', 'Week 11', 'Week 10']
2025-08-09 09:42:51,548 - INFO - Selecting year: 2021, week: Week 15
2025-08-09 09:42:56,692 - INFO - Successfully selected 2021, Week 15
2025-08-09 09:42:56,693 - INFO - Extracting rankings for 2021, Week 15...
2025-08-09 09:42:59,872 - INFO - Extracted 25 rankings for 2021, Week 15
2025-08-09 09:42:59,873 - INFO - Year 2021, Week 15: 25 rankings
2025-08-09 09:43:01,875 - INFO - Selecting year: 2021, week: Week 14
2025-08-09 09:43:06,984 - INFO - Successfully selected 2021, Week 14
2025-08-09 09:43:06,984 - INFO - Extracting rankings for 2021, Week 14...
2025-08-09 09:43:10,230 - INFO - Extracted 25 rankings for 2021, Week 14
2025-08-09 09:43:10,230 - INFO - Year 2021, Week 14: 25 rankings
2025-08-09 09:43:12,234 - INFO - Selecting year: 2021, week: Week 13
2025-08-09 09:43:17,353 - INFO - Successfully selected 2021, Week 13
2025-08-09 09:43:17,353 - INFO - Extracting rankings for 2021, Week 13...
2025-08-09 09:43:20,537 - INFO - Extracted 25 rankings for 2021, Week 13
2025-08-09 09:43:20,537 - INFO - Year 2021, Week 13: 25 rankings
2025-08-09 09:43:22,543 - INFO - Selecting year: 2021, week: Week 12
2025-08-09 09:43:27,660 - INFO - Successfully selected 2021, Week 12
2025-08-09 09:43:27,661 - INFO - Extracting rankings for 2021, Week 12...
2025-08-09 09:43:30,851 - INFO - Extracted 25 rankings for 2021, Week 12
2025-08-09 09:43:30,851 - INFO - Year 2021, Week 12: 25 rankings
2025-08-09 09:43:32,854 - INFO - Selecting year: 2021, week: Week 11
2025-08-09 09:43:37,959 - INFO - Successfully selected 2021, Week 11
2025-08-09 09:43:37,960 - INFO - Extracting rankings for 2021, Week 11...
2025-08-09 09:43:41,130 - INFO - Extracted 25 rankings for 2021, Week 11
2025-08-09 09:43:41,130 - INFO - Year 2021, Week 11: 25 rankings
2025-08-09 09:43:43,133 - INFO - Selecting year: 2021, week: Week 10
2025-08-09 09:43:48,250 - INFO - Successfully selected 2021, Week 10
2025-08-09 09:43:48,256 - INFO - Extracting rankings for 2021, Week 10...
2025-08-09 09:43:51,432 - INFO - Extracted 25 rankings for 2021, Week 10
2025-08-09 09:43:51,432 - INFO - Year 2021, Week 10: 25 rankings
2025-08-09 09:43:53,433 - INFO - Year 2021 complete: 150 rankings
2025-08-09 09:43:58,439 - INFO - Scraping year 2020...
2025-08-09 09:44:05,105 - INFO - Found weeks: ['Week 15', 'Week 14', 'Week 13', 'Week 12', 'Week 11', 'Week 10']
2025-08-09 09:44:05,105 - INFO - Selecting year: 2020, week: Week 15
2025-08-09 09:44:10,294 - INFO - Successfully selected 2020, Week 15
2025-08-09 09:44:10,294 - INFO - Extracting rankings for 2020, Week 15...
2025-08-09 09:44:13,531 - INFO - Extracted 25 rankings for 2020, Week 15
2025-08-09 09:44:13,531 - INFO - Year 2020, Week 15: 25 rankings
2025-08-09 09:44:15,541 - INFO - Selecting year: 2020, week: Week 14
2025-08-09 09:44:20,700 - INFO - Successfully selected 2020, Week 14
2025-08-09 09:44:20,701 - INFO - Extracting rankings for 2020, Week 14...
2025-08-09 09:44:23,893 - INFO - Extracted 25 rankings for 2020, Week 14
2025-08-09 09:44:23,893 - INFO - Year 2020, Week 14: 25 rankings
2025-08-09 09:44:25,894 - INFO - Selecting year: 2020, week: Week 13
2025-08-09 09:44:31,003 - INFO - Successfully selected 2020, Week 13
2025-08-09 09:44:31,003 - INFO - Extracting rankings for 2020, Week 13...
2025-08-09 09:44:34,207 - INFO - Extracted 25 rankings for 2020, Week 13
2025-08-09 09:44:34,207 - INFO - Year 2020, Week 13: 25 rankings
2025-08-09 09:44:36,210 - INFO - Selecting year: 2020, week: Week 12
2025-08-09 09:44:38,318 - ERROR - Error selecting 2020, Week 12: Message: Could not locate element with visible text: Week 12; For documentation on this error, please visit: https://www.selenium.dev/documentation/webdriver/troubleshooting/errors#no-such-element-exception

2025-08-09 09:44:38,319 - WARNING - Failed to select 2020, Week 12
2025-08-09 09:44:38,319 - INFO - Selecting year: 2020, week: Week 11
2025-08-09 09:44:40,420 - ERROR - Error selecting 2020, Week 11: Message: Could not locate element with visible text: Week 11; For documentation on this error, please visit: https://www.selenium.dev/documentation/webdriver/troubleshooting/errors#no-such-element-exception

2025-08-09 09:44:40,420 - WARNING - Failed to select 2020, Week 11
2025-08-09 09:44:40,420 - INFO - Selecting year: 2020, week: Week 10
2025-08-09 09:44:42,544 - ERROR - Error selecting 2020, Week 10: Message: Could not locate element with visible text: Week 10; For documentation on this error, please visit: https://www.selenium.dev/documentation/webdriver/troubleshooting/errors#no-such-element-exception

2025-08-09 09:44:42,545 - WARNING - Failed to select 2020, Week 10
2025-08-09 09:44:42,545 - INFO - Year 2020 complete: 75 rankings
2025-08-09 09:44:47,545 - INFO - Scraping year 2019...
2025-08-09 09:44:53,961 - INFO - Found weeks: ['Week 15', 'Week 14', 'Week 13', 'Week 12', 'Week 11', 'Week 10']
2025-08-09 09:44:53,964 - INFO - Selecting year: 2019, week: Week 15
2025-08-09 09:44:59,118 - INFO - Successfully selected 2019, Week 15
2025-08-09 09:44:59,118 - INFO - Extracting rankings for 2019, Week 15...
2025-08-09 09:45:02,313 - INFO - Extracted 25 rankings for 2019, Week 15
2025-08-09 09:45:02,313 - INFO - Year 2019, Week 15: 25 rankings
2025-08-09 09:45:04,320 - INFO - Selecting year: 2019, week: Week 14
2025-08-09 09:45:09,432 - INFO - Successfully selected 2019, Week 14
2025-08-09 09:45:09,432 - INFO - Extracting rankings for 2019, Week 14...
2025-08-09 09:45:12,710 - INFO - Extracted 25 rankings for 2019, Week 14
2025-08-09 09:45:12,711 - INFO - Year 2019, Week 14: 25 rankings
2025-08-09 09:45:14,716 - INFO - Selecting year: 2019, week: Week 13
2025-08-09 09:45:19,835 - INFO - Successfully selected 2019, Week 13
2025-08-09 09:45:19,836 - INFO - Extracting rankings for 2019, Week 13...
2025-08-09 09:45:23,091 - INFO - Extracted 25 rankings for 2019, Week 13
2025-08-09 09:45:23,092 - INFO - Year 2019, Week 13: 25 rankings
2025-08-09 09:45:25,098 - INFO - Selecting year: 2019, week: Week 12
2025-08-09 09:45:30,218 - INFO - Successfully selected 2019, Week 12
2025-08-09 09:45:30,219 - INFO - Extracting rankings for 2019, Week 12...
2025-08-09 09:45:33,410 - INFO - Extracted 25 rankings for 2019, Week 12
2025-08-09 09:45:33,410 - INFO - Year 2019, Week 12: 25 rankings
2025-08-09 09:45:35,418 - INFO - Selecting year: 2019, week: Week 11
2025-08-09 09:45:40,545 - INFO - Successfully selected 2019, Week 11
2025-08-09 09:45:40,545 - INFO - Extracting rankings for 2019, Week 11...
2025-08-09 09:45:43,741 - INFO - Extracted 25 rankings for 2019, Week 11
2025-08-09 09:45:43,741 - INFO - Year 2019, Week 11: 25 rankings
2025-08-09 09:45:45,748 - INFO - Selecting year: 2019, week: Week 10
2025-08-09 09:45:50,869 - INFO - Successfully selected 2019, Week 10
2025-08-09 09:45:50,869 - INFO - Extracting rankings for 2019, Week 10...
2025-08-09 09:45:54,055 - INFO - Extracted 25 rankings for 2019, Week 10
2025-08-09 09:45:54,056 - INFO - Year 2019, Week 10: 25 rankings
2025-08-09 09:45:56,056 - INFO - Year 2019 complete: 150 rankings
2025-08-09 09:46:01,057 - INFO - Scraping year 2018...
2025-08-09 09:46:07,612 - INFO - Found weeks: ['Week 15', 'Week 14', 'Week 13', 'Week 12', 'Week 11', 'Week 10']
2025-08-09 09:46:07,613 - INFO - Selecting year: 2018, week: Week 15
2025-08-09 09:46:09,812 - ERROR - Error selecting 2018, Week 15: Message: Could not locate element with visible text: Week 15; For documentation on this error, please visit: https://www.selenium.dev/documentation/webdriver/troubleshooting/errors#no-such-element-exception

2025-08-09 09:46:09,812 - WARNING - Failed to select 2018, Week 15
2025-08-09 09:46:09,812 - INFO - Selecting year: 2018, week: Week 14
2025-08-09 09:46:14,891 - INFO - Successfully selected 2018, Week 14
2025-08-09 09:46:14,898 - INFO - Extracting rankings for 2018, Week 14...
2025-08-09 09:46:18,152 - INFO - Extracted 25 rankings for 2018, Week 14
2025-08-09 09:46:18,152 - INFO - Year 2018, Week 14: 25 rankings
2025-08-09 09:46:20,159 - INFO - Selecting year: 2018, week: Week 13
2025-08-09 09:46:25,280 - INFO - Successfully selected 2018, Week 13
2025-08-09 09:46:25,281 - INFO - Extracting rankings for 2018, Week 13...
2025-08-09 09:46:28,475 - INFO - Extracted 25 rankings for 2018, Week 13
2025-08-09 09:46:28,475 - INFO - Year 2018, Week 13: 25 rankings
2025-08-09 09:46:30,480 - INFO - Selecting year: 2018, week: Week 12
2025-08-09 09:46:35,606 - INFO - Successfully selected 2018, Week 12
2025-08-09 09:46:35,607 - INFO - Extracting rankings for 2018, Week 12...
2025-08-09 09:46:38,801 - INFO - Extracted 25 rankings for 2018, Week 12
2025-08-09 09:46:38,801 - INFO - Year 2018, Week 12: 25 rankings
2025-08-09 09:46:40,807 - INFO - Selecting year: 2018, week: Week 11
2025-08-09 09:46:45,926 - INFO - Successfully selected 2018, Week 11
2025-08-09 09:46:45,926 - INFO - Extracting rankings for 2018, Week 11...
2025-08-09 09:46:49,110 - INFO - Extracted 25 rankings for 2018, Week 11
2025-08-09 09:46:49,110 - INFO - Year 2018, Week 11: 25 rankings
2025-08-09 09:46:51,120 - INFO - Selecting year: 2018, week: Week 10
2025-08-09 09:46:56,241 - INFO - Successfully selected 2018, Week 10
2025-08-09 09:46:56,241 - INFO - Extracting rankings for 2018, Week 10...
2025-08-09 09:46:59,428 - INFO - Extracted 25 rankings for 2018, Week 10
2025-08-09 09:46:59,428 - INFO - Year 2018, Week 10: 25 rankings
2025-08-09 09:47:01,430 - INFO - Year 2018 complete: 125 rankings
2025-08-09 09:47:06,440 - INFO - Scraping year 2017...
2025-08-09 09:47:12,988 - INFO - Found weeks: ['Week 15', 'Week 14', 'Week 13', 'Week 12', 'Week 11', 'Week 10']
2025-08-09 09:47:12,988 - INFO - Selecting year: 2017, week: Week 15
2025-08-09 09:47:15,200 - ERROR - Error selecting 2017, Week 15: Message: Could not locate element with visible text: Week 15; For documentation on this error, please visit: https://www.selenium.dev/documentation/webdriver/troubleshooting/errors#no-such-element-exception

2025-08-09 09:47:15,200 - WARNING - Failed to select 2017, Week 15
2025-08-09 09:47:15,200 - INFO - Selecting year: 2017, week: Week 14
2025-08-09 09:47:20,263 - INFO - Successfully selected 2017, Week 14
2025-08-09 09:47:20,263 - INFO - Extracting rankings for 2017, Week 14...
2025-08-09 09:47:23,508 - INFO - Extracted 25 rankings for 2017, Week 14
2025-08-09 09:47:23,508 - INFO - Year 2017, Week 14: 25 rankings
2025-08-09 09:47:25,513 - INFO - Selecting year: 2017, week: Week 13
2025-08-09 09:47:30,622 - INFO - Successfully selected 2017, Week 13
2025-08-09 09:47:30,622 - INFO - Extracting rankings for 2017, Week 13...
2025-08-09 09:47:33,812 - INFO - Extracted 25 rankings for 2017, Week 13
2025-08-09 09:47:33,812 - INFO - Year 2017, Week 13: 25 rankings
2025-08-09 09:47:35,819 - INFO - Selecting year: 2017, week: Week 12
2025-08-09 09:47:40,939 - INFO - Successfully selected 2017, Week 12
2025-08-09 09:47:40,940 - INFO - Extracting rankings for 2017, Week 12...
2025-08-09 09:47:44,128 - INFO - Extracted 25 rankings for 2017, Week 12
2025-08-09 09:47:44,128 - INFO - Year 2017, Week 12: 25 rankings
2025-08-09 09:47:46,129 - INFO - Selecting year: 2017, week: Week 11
2025-08-09 09:47:51,246 - INFO - Successfully selected 2017, Week 11
2025-08-09 09:47:51,246 - INFO - Extracting rankings for 2017, Week 11...
2025-08-09 09:47:54,431 - INFO - Extracted 25 rankings for 2017, Week 11
2025-08-09 09:47:54,432 - INFO - Year 2017, Week 11: 25 rankings
2025-08-09 09:47:56,432 - INFO - Selecting year: 2017, week: Week 10
2025-08-09 09:48:01,546 - INFO - Successfully selected 2017, Week 10
2025-08-09 09:48:01,546 - INFO - Extracting rankings for 2017, Week 10...
2025-08-09 09:48:04,726 - INFO - Extracted 25 rankings for 2017, Week 10
2025-08-09 09:48:04,726 - INFO - Year 2017, Week 10: 25 rankings
2025-08-09 09:48:06,729 - INFO - Year 2017 complete: 125 rankings
2025-08-09 09:48:11,730 - INFO - Scraping year 2016...
2025-08-09 09:48:18,173 - INFO - Found weeks: ['Week 15', 'Week 14', 'Week 13', 'Week 12', 'Week 11', 'Week 10']
2025-08-09 09:48:18,173 - INFO - Selecting year: 2016, week: Week 15
2025-08-09 09:48:20,361 - ERROR - Error selecting 2016, Week 15: Message: Could not locate element with visible text: Week 15; For documentation on this error, please visit: https://www.selenium.dev/documentation/webdriver/troubleshooting/errors#no-such-element-exception

2025-08-09 09:48:20,361 - WARNING - Failed to select 2016, Week 15
2025-08-09 09:48:20,361 - INFO - Selecting year: 2016, week: Week 14
2025-08-09 09:48:25,421 - INFO - Successfully selected 2016, Week 14
2025-08-09 09:48:25,427 - INFO - Extracting rankings for 2016, Week 14...
2025-08-09 09:48:28,665 - INFO - Extracted 25 rankings for 2016, Week 14
2025-08-09 09:48:28,665 - INFO - Year 2016, Week 14: 25 rankings
2025-08-09 09:48:30,669 - INFO - Selecting year: 2016, week: Week 13
2025-08-09 09:48:35,772 - INFO - Successfully selected 2016, Week 13
2025-08-09 09:48:35,772 - INFO - Extracting rankings for 2016, Week 13...
2025-08-09 09:48:38,957 - INFO - Extracted 25 rankings for 2016, Week 13
2025-08-09 09:48:38,957 - INFO - Year 2016, Week 13: 25 rankings
2025-08-09 09:48:40,962 - INFO - Selecting year: 2016, week: Week 12
2025-08-09 09:48:46,095 - INFO - Successfully selected 2016, Week 12
2025-08-09 09:48:46,101 - INFO - Extracting rankings for 2016, Week 12...
2025-08-09 09:48:49,288 - INFO - Extracted 25 rankings for 2016, Week 12
2025-08-09 09:48:49,289 - INFO - Year 2016, Week 12: 25 rankings
2025-08-09 09:48:51,290 - INFO - Selecting year: 2016, week: Week 11
2025-08-09 09:48:56,408 - INFO - Successfully selected 2016, Week 11
2025-08-09 09:48:56,408 - INFO - Extracting rankings for 2016, Week 11...
2025-08-09 09:48:59,584 - INFO - Extracted 25 rankings for 2016, Week 11
2025-08-09 09:48:59,584 - INFO - Year 2016, Week 11: 25 rankings
2025-08-09 09:49:01,587 - INFO - Selecting year: 2016, week: Week 10
2025-08-09 09:49:06,820 - INFO - Successfully selected 2016, Week 10
2025-08-09 09:49:06,821 - INFO - Extracting rankings for 2016, Week 10...
2025-08-09 09:49:10,005 - INFO - Extracted 25 rankings for 2016, Week 10
2025-08-09 09:49:10,005 - INFO - Year 2016, Week 10: 25 rankings
2025-08-09 09:49:12,008 - INFO - Year 2016 complete: 125 rankings
2025-08-09 09:49:17,011 - INFO - Scraping year 2015...
2025-08-09 09:49:23,480 - INFO - Found weeks: ['Week 15', 'Week 14', 'Week 13', 'Week 12', 'Week 11', 'Week 10']
2025-08-09 09:49:23,480 - INFO - Selecting year: 2015, week: Week 15
2025-08-09 09:49:25,699 - ERROR - Error selecting 2015, Week 15: Message: Could not locate element with visible text: Week 15; For documentation on this error, please visit: https://www.selenium.dev/documentation/webdriver/troubleshooting/errors#no-such-element-exception

2025-08-09 09:49:25,699 - WARNING - Failed to select 2015, Week 15
2025-08-09 09:49:25,699 - INFO - Selecting year: 2015, week: Week 14
2025-08-09 09:49:30,753 - INFO - Successfully selected 2015, Week 14
2025-08-09 09:49:30,754 - INFO - Extracting rankings for 2015, Week 14...
2025-08-09 09:49:34,008 - INFO - Extracted 25 rankings for 2015, Week 14
2025-08-09 09:49:34,008 - INFO - Year 2015, Week 14: 25 rankings
2025-08-09 09:49:36,011 - INFO - Selecting year: 2015, week: Week 13
2025-08-09 09:49:41,125 - INFO - Successfully selected 2015, Week 13
2025-08-09 09:49:41,125 - INFO - Extracting rankings for 2015, Week 13...
2025-08-09 09:49:44,313 - INFO - Extracted 25 rankings for 2015, Week 13
2025-08-09 09:49:44,313 - INFO - Year 2015, Week 13: 25 rankings
2025-08-09 09:49:46,314 - INFO - Selecting year: 2015, week: Week 12
2025-08-09 09:49:51,421 - INFO - Successfully selected 2015, Week 12
2025-08-09 09:49:51,421 - INFO - Extracting rankings for 2015, Week 12...
2025-08-09 09:49:54,612 - INFO - Extracted 25 rankings for 2015, Week 12
2025-08-09 09:49:54,612 - INFO - Year 2015, Week 12: 25 rankings
2025-08-09 09:49:56,614 - INFO - Selecting year: 2015, week: Week 11
2025-08-09 09:50:01,727 - INFO - Successfully selected 2015, Week 11
2025-08-09 09:50:01,727 - INFO - Extracting rankings for 2015, Week 11...
2025-08-09 09:50:04,911 - INFO - Extracted 25 rankings for 2015, Week 11
2025-08-09 09:50:04,911 - INFO - Year 2015, Week 11: 25 rankings
2025-08-09 09:50:06,916 - INFO - Selecting year: 2015, week: Week 10
2025-08-09 09:50:12,036 - INFO - Successfully selected 2015, Week 10
2025-08-09 09:50:12,036 - INFO - Extracting rankings for 2015, Week 10...
2025-08-09 09:50:15,220 - INFO - Extracted 25 rankings for 2015, Week 10
2025-08-09 09:50:15,220 - INFO - Year 2015, Week 10: 25 rankings
2025-08-09 09:50:17,222 - INFO - Year 2015 complete: 125 rankings
2025-08-09 09:50:22,227 - INFO - Scraping year 2014...
2025-08-09 09:50:28,600 - INFO - Found weeks: ['Week 15', 'Week 14', 'Week 13', 'Week 12', 'Week 11', 'Week 10']
2025-08-09 09:50:28,600 - INFO - Selecting year: 2014, week: Week 15
2025-08-09 09:50:33,826 - INFO - Successfully selected 2014, Week 15
2025-08-09 09:50:33,826 - INFO - Extracting rankings for 2014, Week 15...
2025-08-09 09:50:37,045 - INFO - Extracted 25 rankings for 2014, Week 15
2025-08-09 09:50:37,046 - INFO - Year 2014, Week 15: 25 rankings
2025-08-09 09:50:39,049 - INFO - Selecting year: 2014, week: Week 14
2025-08-09 09:50:44,153 - INFO - Successfully selected 2014, Week 14
2025-08-09 09:50:44,153 - INFO - Extracting rankings for 2014, Week 14...
2025-08-09 09:50:47,323 - INFO - Extracted 25 rankings for 2014, Week 14
2025-08-09 09:50:47,323 - INFO - Year 2014, Week 14: 25 rankings
2025-08-09 09:50:49,326 - INFO - Selecting year: 2014, week: Week 13
2025-08-09 09:50:54,453 - INFO - Successfully selected 2014, Week 13
2025-08-09 09:50:54,453 - INFO - Extracting rankings for 2014, Week 13...
2025-08-09 09:50:57,634 - INFO - Extracted 25 rankings for 2014, Week 13
2025-08-09 09:50:57,634 - INFO - Year 2014, Week 13: 25 rankings
2025-08-09 09:50:59,635 - INFO - Selecting year: 2014, week: Week 12
2025-08-09 09:51:04,752 - INFO - Successfully selected 2014, Week 12
2025-08-09 09:51:04,752 - INFO - Extracting rankings for 2014, Week 12...
2025-08-09 09:51:07,946 - INFO - Extracted 25 rankings for 2014, Week 12
2025-08-09 09:51:07,947 - INFO - Year 2014, Week 12: 25 rankings
2025-08-09 09:51:09,952 - INFO - Selecting year: 2014, week: Week 11
2025-08-09 09:51:15,069 - INFO - Successfully selected 2014, Week 11
2025-08-09 09:51:15,069 - INFO - Extracting rankings for 2014, Week 11...
2025-08-09 09:51:18,307 - INFO - Extracted 25 rankings for 2014, Week 11
2025-08-09 09:51:18,307 - INFO - Year 2014, Week 11: 25 rankings
2025-08-09 09:51:20,309 - INFO - Selecting year: 2014, week: Week 10
2025-08-09 09:51:25,431 - INFO - Successfully selected 2014, Week 10
2025-08-09 09:51:25,431 - INFO - Extracting rankings for 2014, Week 10...
2025-08-09 09:51:28,609 - INFO - Extracted 25 rankings for 2014, Week 10
2025-08-09 09:51:28,609 - INFO - Year 2014, Week 10: 25 rankings
2025-08-09 09:51:30,614 - INFO - Year 2014 complete: 150 rankings
2025-08-09 09:51:35,914 - INFO - Scraping completed. Total: 1425 rankings
2025-08-09 09:51:35,943 - INFO - Data exported to /Users/mainamusa/Documents/Personal/CFB Data/cfp-ranking-predictor/cfp_rankings_v2_20250809_095135.csv
2025-08-09 09:51:35,951 - INFO - Created cfp_rankings_2024_fixed.csv: 150 rankings
2025-08-09 09:51:35,953 - INFO - Created cfp_rankings_2023_fixed.csv: 125 rankings
2025-08-09 09:51:35,956 - INFO - Created cfp_rankings_2022_fixed.csv: 125 rankings
2025-08-09 09:51:35,959 - INFO - Created cfp_rankings_2021_fixed.csv: 150 rankings
2025-08-09 09:51:35,960 - INFO - Created cfp_rankings_2020_fixed.csv: 75 rankings
2025-08-09 09:51:35,962 - INFO - Created cfp_rankings_2019_fixed.csv: 150 rankings
2025-08-09 09:51:35,964 - INFO - Created cfp_rankings_2018_fixed.csv: 125 rankings
2025-08-09 09:51:35,968 - INFO - Created cfp_rankings_2017_fixed.csv: 125 rankings
2025-08-09 09:51:35,972 - INFO - Created cfp_rankings_2016_fixed.csv: 125 rankings
2025-08-09 09:51:35,976 - INFO - Created cfp_rankings_2015_fixed.csv: 125 rankings
2025-08-09 09:51:35,978 - INFO - Created cfp_rankings_2014_fixed.csv: 150 rankings
